<?xml version="1.0" encoding="UTF-8"?>
<!-- Generated by org.testng.reporters.JUnitXMLReporter -->
<testsuite ignored="0" hostname="HT" failures="1" tests="1" name="Test" time="23.81" errors="0" timestamp="2023-02-03T18:30:54 IST">
  <testcase classname="testCases.TC_002_LoginTest" name="test_Login" time="12.82">
    <failure type="java.lang.AssertionError" message="null">
      <![CDATA[java.lang.AssertionError: null
at testCases.TC_002_LoginTest.test_Login(TC_002_LoginTest.java:43)
at java.base/java.util.ArrayList.forEach(ArrayList.java:1511)
... Removed 29 stack frames]]>
    </failure>
  </testcase> <!-- test_Login -->
</testsuite> <!-- Test -->
